<?xml version="1.0" encoding="UTF-8"?>
<!-- Generated by org.testng.reporters.JUnitReportReporter -->
<testsuite name="com.learnautomation.testcases.LoginTestCRM" tests="1" time="11.756" ignored="0" failures="0" timestamp="24 Dec 2020 18:41:35 GMT" skipped="0" hostname="jayashree-pc" errors="0">
  <testcase name="startApp" time="11.756" classname="com.learnautomation.testcases.LoginTestCRM"/>
</testsuite> <!-- com.learnautomation.testcases.LoginTestCRM -->
