<?xml version="1.0" encoding="UTF-8"?>
<!-- Generated by org.testng.reporters.JUnitReportReporter -->
<testsuite name="com.learnautomation.testcases.LoginTest" tests="1" time="11.687" ignored="0" failures="0" timestamp="09 Jan 2021 13:53:17 GMT" skipped="0" hostname="jayashree-pc" errors="0">
  <testcase name="startApp" time="11.687" classname="com.learnautomation.testcases.LoginTest"/>
</testsuite> <!-- com.learnautomation.testcases.LoginTest -->
